<?xml version="1.0" encoding="UTF-8"?>
<!-- Generated by org.testng.reporters.JUnitXMLReporter -->
<testsuite ignored="0" hostname="AyushiLaptop" failures="1" tests="6" name="Flights(edge)" time="109.32" errors="0" timestamp="2021-01-21T13:44:04 IST">
  <testcase classname="com.qa.tests.MultiTripFlights" name="searchFlightsMultiTrip" time="4.296">
    <failure type="java.lang.AssertionError" message="The following asserts failed:
	expected [true] but found [false]">
      <![CDATA[java.lang.AssertionError: The following asserts failed:
expected [true] but found [false]
at com.qa.tests.MultiTripFlights.searchFlightsMultiTrip(MultiTripFlights.java:45)
at java.base/java.util.concurrent.ThreadPoolExecutor.runWorker(ThreadPoolExecutor.java:1130)
at java.base/java.util.concurrent.ThreadPoolExecutor$Worker.run(ThreadPoolExecutor.java:630)
at java.base/java.lang.Thread.run(Thread.java:832)
... Removed 14 stack frames]]>
    </failure>
  </testcase> <!-- searchFlightsMultiTrip -->
  <testcase classname="com.qa.tests.FlightOneway" name="searchFlightsoneway" time="12.116"/>
  <testcase classname="com.qa.tests.FlightOneway" name="searchFlightsoneway" time="7.546"/>
  <testcase classname="com.qa.tests.FlightRoundtrip" name="searchFlightsRoundTrip" time="32.116"/>
  <testcase classname="com.qa.tests.FlightRoundtrip" name="bookFlightsRoundTrip" time="10.245"/>
  <testcase classname="com.qa.tests.FlightOneway" name="bookFlightsoneway" time="66.791"/>
</testsuite> <!-- Flights(edge) -->
