<?xml version="1.0" encoding="UTF-8"?>
<!-- Generated by org.testng.reporters.JUnitXMLReporter -->
<testsuite ignored="0" hostname="AyushiLaptop" failures="1" tests="7" name="Hotels and trains on edge" time="113.937" errors="0" timestamp="2021-01-20T08:37:52 IST">
  <testcase classname="com.qa.tests.Trainsscripts" name="clearTripLogin" time="1.316"/>
  <testcase classname="com.qa.tests.Trainsscripts" name="Searchingtrains" time="21.28"/>
  <testcase classname="com.qa.tests.Hotelstestscripts" name="hotelsPageLoading" time="2.42"/>
  <testcase classname="com.qa.tests.Hotelstestscripts" name="cityAndDatesSelection" time="2.003"/>
  <testcase classname="com.qa.tests.Hotelstestscripts" name="travellerAndRoomCount" time="0.997"/>
  <testcase classname="com.qa.tests.Hotelstestscripts" name="hotelAndRoomSelect" time="48.87"/>
  <testcase classname="com.qa.tests.Hotelstestscripts" name="travellerDetailsEntry" time="0.005">
    <failure type="java.lang.AssertionError" message="expected [true] but found [false]">
      <![CDATA[java.lang.AssertionError: expected [true] but found [false]
at com.qa.tests.Hotelstestscripts.travellerDetailsEntry(Hotelstestscripts.java:118)
at java.base/java.util.ArrayList.forEach(ArrayList.java:1511)
... Removed 31 stack frames]]>
    </failure>
  </testcase> <!-- travellerDetailsEntry -->
</testsuite> <!-- Hotels and trains on edge -->
