<?xml version="1.0" encoding="UTF-8"?>
<!-- Generated by org.testng.reporters.JUnitXMLReporter -->
<testsuite ignored="0" hostname="AyushiLaptop" failures="1" tests="1" name="Testmultitrip" time="31.762" errors="0" timestamp="2021-01-17T19:49:12 IST">
  <testcase classname="com.qa.tests.FlightMultitrip" name="searchFlightsMultiTrip" time="3.151">
    <failure type="java.lang.AssertionError" message="The following asserts failed:
	expected [true] but found [false]">
      <![CDATA[java.lang.AssertionError: The following asserts failed:
expected [true] but found [false]
at com.qa.tests.FlightMultitrip.searchFlightsMultiTrip(FlightMultitrip.java:43)
at java.base/java.util.ArrayList.forEach(ArrayList.java:1511)
at java.base/java.util.concurrent.FutureTask.run(FutureTask.java:264)
at java.base/java.util.concurrent.ThreadPoolExecutor.runWorker(ThreadPoolExecutor.java:1130)
at java.base/java.util.concurrent.ThreadPoolExecutor$Worker.run(ThreadPoolExecutor.java:630)
at java.base/java.lang.Thread.run(Thread.java:832)
... Removed 20 stack frames]]>
    </failure>
  </testcase> <!-- searchFlightsMultiTrip -->
</testsuite> <!-- Testmultitrip -->
