<?xml version="1.0" encoding="UTF-8"?>
<!-- Generated by org.testng.reporters.JUnitXMLReporter -->
<testsuite ignored="0" hostname="AyushiLaptop" failures="1" tests="2" name="FlightsTest" time="46.427" errors="0" timestamp="2021-01-15T10:28:18 IST">
  <testcase classname="com.qa.tests.FlightOneway" name="searchFlights" time="5.147"/>
  <testcase classname="com.qa.tests.FlightOneway" name="bookFlights" time="15.2">
    <failure type="java.lang.NullPointerException" message="Cannot invoke &amp;quot;Object.getClass()&amp;quot; because &amp;quot;obj&amp;quot; is null">
      <![CDATA[java.lang.NullPointerException: Cannot invoke "Object.getClass()" because "obj" is null
at org.openqa.selenium.support.pagefactory.internal.LocatingElementHandler.invoke(LocatingElementHandler.java:51)
at com.sun.proxy.$Proxy13.click(Unknown Source)
at com.qa.pages.Flightspages.clickBookButton(Flightspages.java:188)
at com.qa.tests.FlightOneway.bookFlights(FlightOneway.java:34)
at java.base/java.util.ArrayList.forEach(ArrayList.java:1511)
... Removed 28 stack frames]]>
    </failure>
  </testcase> <!-- bookFlights -->
</testsuite> <!-- FlightsTest -->
